User
1
1
1
User
1
1
1
User
1
1
1
User
1
1
1
User
1
scenario:sandstorm,,,,,,,
[1] location:83.1687 N;167.9791 W;
legal,,,,,,,
animal,female,2,overweight,,,ferret,true
animal,male,12,average,,,snake,false
[2] location:81.5381 N;164.8016 W;
legal,,,,,,,
human,female,26,average,student,false,,
animal,male,1,overweight,,,wallaby,false
[3] location:82.3511 N;165.4656 W;
legal,,,,,,,
human,female,66,athletic,unemployed,true,,
human,female,58,average,ceo,true,,
human,female,41,average,homeless,false,,
1
scenario:cyclone,,,,,,,
[1] location:60.1785 S;155.6176 W;
legal,,,,,,,
human,male,32,overweight,homeless,false,,
animal,female,7,overweight,,,cockatoo,false
human,female,42,overweight,professor,true,,
[2] location:61.4006 S;156.3451 W;
legal,,,,,,,
human,male,34,overweight,student,false,,
human,male,52,athletic,ceo,false,,
animal,male,4,overweight,,,ferret,true
animal,female,4,average,,,snake,false
human,male,49,athletic,student,false,,
[3] location:61.0657 S;155.3684 W;
legal,,,,,,,
human,male,64,athletic,unemployed,false,,
human,female,40,overweight,unemployed,true,,
human,male,72,athletic,none,false,,
human,male,56,athletic,ceo,false,,
1
scenario:cyclone,,,,,,,
[1] location:0.8323 S;15.1605 E;
legal,,,,,,,
animal,male,20,average,,,dog,true
human,male,38,athletic,criminal,false,,
[2] location:1.0819 S;16.6086 E;
legal,,,,,,,
human,female,17,average,ceo,true,,
human,male,52,overweight,unemployed,false,,
animal,female,16,athletic,,,koala,false
human,female,0,overweight,none,false,,
[3] location:2.0831 S;17.521 E;
legal,,,,,,,
human,female,68,athletic,ceo,true,,
animal,female,8,athletic,,,dog,true
animal,female,5,overweight,,,possum,false
