User
3
scenario:hurricane,,,,,,,
[1] location:78.2042 N;69.2803 E;
trespassing,,,,,,,
human,female,100,average,none,false,,
[2] location:60.9406 S;169.5307 E;
trespassing,,,,,,,
animal,female,25,athletic,,,cat,false
[3] location:-39.4469 N;95.0946 W;
trespassing,,,,,,,
animal,male,31,average,,,chicken,false
human,female,10,athletic,none,false,,

1
scenario:cyclone,,,,,,,
[1] location:-84.8638 S;-53.431 W;
legal,,,,,,,
human,female,20,overweight,homeless,false,,
animal,male,25,average,,,cockatoo,false
[2] location:-87.1813 N;-164.546 W;
trespassing,,,,,,,
animal,male,43,overweight,,,snake,false
human,female,34,overweight,student,false,,

4
scenario:hurricane,,,,,,,
[1] location:64.3428 N;-178.6263 E;
legal,,,,,,,
human,male,100,average,none,false,,
human,female,83,average,none,false,,
[2] location:-27.0397 S;-75.3677 W;
legal,,,,,,,
human,female,3,athletic,none,false,,
[3] location:-38.6017 S;-88.9855 W;
legal,,,,,,,
human,female,69,athletic,none,false,,
[4] location:43.1848 S;-161.645 E;
trespassing,,,,,,,
animal,female,31,average,,,dog,false
human,male,89,athletic,none,false,,
human,male,64,average,ceo,false,,

User
Algorithm
1
scenario:flood,,,,,,,
[1] location:-89.2256 S;50.5582 E;
trespassing,,,,,,,
animal,male,48,average,,,cockatoo,false
animal,female,26,overweight,,,cockatoo,true
human,male,17,athletic,unemployed,false,,
human,male,42,athletic,unemployed,false,,
[2] location:36.2324 N;-115.1774 E;
legal,,,,,,,
human,male,33,athletic,teacher,false,,
animal,male,36,average,,,chicken,false
human,female,8,athletic,none,false,,
animal,female,25,overweight,,,kangaroo,false
human,female,54,athletic,homeless,false,,

